<?xml version="1.0" encoding="UTF-8"?>
<testng-results ignored="0" total="1" passed="1" failed="0" skipped="0">
  <reporter-output>
  </reporter-output>
  <suite started-at="2025-08-06T21:18:44 IST" name="Default suite" finished-at="2025-08-06T21:18:54 IST" duration-ms="9611">
    <groups>
    </groups>
    <test started-at="2025-08-06T21:18:44 IST" name="Default test" finished-at="2025-08-06T21:18:54 IST" duration-ms="9611">
      <class name="TestCaseValidation.Validation">
        <test-method is-config="true" signature="setup()[pri:0, instance:TestCaseValidation.Validation@38d8f54a]" started-at="2025-08-06T21:18:41 IST" name="setup" finished-at="2025-08-06T21:18:44 IST" duration-ms="2824" status="PASS">
          <reporter-output>
          </reporter-output>
        </test-method> <!-- setup -->
        <test-method signature="googglepageValidation()[pri:0, instance:TestCaseValidation.Validation@38d8f54a]" started-at="2025-08-06T21:18:44 IST" name="googglepageValidation" finished-at="2025-08-06T21:18:54 IST" duration-ms="9574" status="PASS">
          <reporter-output>
          </reporter-output>
        </test-method> <!-- googglepageValidation -->
      </class> <!-- TestCaseValidation.Validation -->
    </test> <!-- Default test -->
  </suite> <!-- Default suite -->
</testng-results>
